[INFO][20-05-22][com.sun.dao.UserDaoTest]info:进入
[DEBUG][20-05-22][com.sun.dao.UserDaoTest]debug:进入
[ERROR][20-05-22][com.sun.dao.UserDaoTest]error:进入
[INFO][2020-05-22][com.sun.dao.UserDaoTest]info:进入
[DEBUG][2020-05-22][com.sun.dao.UserDaoTest]debug:进入
[ERROR][2020-05-22][com.sun.dao.UserDaoTest]error:进入
[INFO][2020-05-22 16:12:35][com.sun.dao.UserDaoTest]info:进入
[DEBUG][2020-05-22 16:12:35][com.sun.dao.UserDaoTest]debug:进入
[ERROR][2020-05-22 16:12:35][com.sun.dao.UserDaoTest]error:进入
[INFO][2020-05-22 16:14:20][com.sun.dao.UserDaoTest]info:进入
[DEBUG][2020-05-22 16:14:20][com.sun.dao.UserDaoTest]debug:进入
[ERROR][2020-05-22 16:14:20][com.sun.dao.UserDaoTest]error:进入
[INFO][2020-05-22 22:43:19][com.sun.dao.UserDaoTest]info:进入
[DEBUG][2020-05-22 22:43:19][com.sun.dao.UserDaoTest]debug:进入
[ERROR][2020-05-22 22:43:19][com.sun.dao.UserDaoTest]error:进入
[DEBUG][2020-05-22 23:09:25][com.sun.dao.UserMapper.getUserByLimit]==>  Preparing: select * from user limit ?,? 
[DEBUG][2020-05-22 23:09:25][com.sun.dao.UserMapper.getUserByLimit]==> Parameters: 0(Integer), 1(Integer)
[DEBUG][2020-05-22 23:09:25][com.sun.dao.UserMapper.getUserByLimit]<==      Total: 1
[DEBUG][2020-05-22 23:11:01][com.sun.dao.UserMapper.getUserByLimit]==>  Preparing: select * from user limit ?,? 
[DEBUG][2020-05-22 23:11:01][com.sun.dao.UserMapper.getUserByLimit]==> Parameters: 0(Integer), 2(Integer)
[DEBUG][2020-05-22 23:11:01][com.sun.dao.UserMapper.getUserByLimit]<==      Total: 2
[DEBUG][2020-05-24 22:38:55][com.sun.dao.UserMapper.getUserList]==>  Preparing: select * from user 
[DEBUG][2020-05-24 22:38:55][com.sun.dao.UserMapper.getUserList]==> Parameters: 
[DEBUG][2020-05-24 22:38:55][com.sun.dao.UserMapper.getUserList]<==      Total: 3
